<?xml version="1.0" encoding="UTF-8"?>
<testng-results ignored="0" total="2" passed="2" failed="0" skipped="0">
  <reporter-output>
    <line>
      <![CDATA[OpenBrowser]]>
    </line>
    <line>
      <![CDATA[Login]]>
    </line>
    <line>
      <![CDATA[createcustomer]]>
    </line>
    <line>
      <![CDATA[logout]]>
    </line>
    <line>
      <![CDATA[Login]]>
    </line>
    <line>
      <![CDATA[createcustomer]]>
    </line>
    <line>
      <![CDATA[logout]]>
    </line>
    <line>
      <![CDATA[closeBrowser]]>
    </line>
  </reporter-output>
  <suite started-at="2023-01-06T15:16:30 IST" name="Default suite" finished-at="2023-01-06T15:17:04 IST" duration-ms="33728">
    <groups>
    </groups>
    <test started-at="2023-01-06T15:16:30 IST" name="Default test" finished-at="2023-01-06T15:17:04 IST" duration-ms="33728">
      <class name="com.actitime.testscript.CustomerModule">
        <test-method is-config="true" signature="openBrowser()[pri:0, instance:com.actitime.testscript.CustomerModule@5fbdfdcf]" started-at="2023-01-06T15:16:30 IST" name="openBrowser" finished-at="2023-01-06T15:16:32 IST" duration-ms="1940" status="PASS">
          <reporter-output>
            <line>
              <![CDATA[OpenBrowser]]>
            </line>
          </reporter-output>
        </test-method> <!-- openBrowser -->
        <test-method is-config="true" signature="login()[pri:0, instance:com.actitime.testscript.CustomerModule@5fbdfdcf]" started-at="2023-01-06T15:16:32 IST" name="login" finished-at="2023-01-06T15:16:40 IST" duration-ms="8381" status="PASS">
          <reporter-output>
            <line>
              <![CDATA[Login]]>
            </line>
          </reporter-output>
        </test-method> <!-- login -->
        <test-method signature="testCreateCustomer()[pri:0, instance:com.actitime.testscript.CustomerModule@5fbdfdcf]" started-at="2023-01-06T15:16:40 IST" name="testCreateCustomer" finished-at="2023-01-06T15:16:51 IST" duration-ms="10407" status="PASS">
          <reporter-output>
            <line>
              <![CDATA[createcustomer]]>
            </line>
          </reporter-output>
        </test-method> <!-- testCreateCustomer -->
        <test-method is-config="true" signature="logout()[pri:0, instance:com.actitime.testscript.CustomerModule@5fbdfdcf]" started-at="2023-01-06T15:16:51 IST" name="logout" finished-at="2023-01-06T15:16:54 IST" duration-ms="2998" status="PASS">
          <reporter-output>
            <line>
              <![CDATA[logout]]>
            </line>
          </reporter-output>
        </test-method> <!-- logout -->
        <test-method is-config="true" signature="login()[pri:0, instance:com.actitime.testscript.CustomerModule@5fbdfdcf]" started-at="2023-01-06T15:16:54 IST" name="login" finished-at="2023-01-06T15:16:56 IST" duration-ms="2286" status="PASS">
          <reporter-output>
            <line>
              <![CDATA[Login]]>
            </line>
          </reporter-output>
        </test-method> <!-- login -->
        <test-method signature="testModifyCustomer()[pri:0, instance:com.actitime.testscript.CustomerModule@5fbdfdcf]" started-at="2023-01-06T15:16:56 IST" name="testModifyCustomer" finished-at="2023-01-06T15:17:02 IST" duration-ms="6386" status="PASS">
          <reporter-output>
            <line>
              <![CDATA[createcustomer]]>
            </line>
          </reporter-output>
        </test-method> <!-- testModifyCustomer -->
        <test-method is-config="true" signature="logout()[pri:0, instance:com.actitime.testscript.CustomerModule@5fbdfdcf]" started-at="2023-01-06T15:17:02 IST" name="logout" finished-at="2023-01-06T15:17:03 IST" duration-ms="1042" status="PASS">
          <reporter-output>
            <line>
              <![CDATA[logout]]>
            </line>
          </reporter-output>
        </test-method> <!-- logout -->
        <test-method is-config="true" signature="closeBrowser()[pri:0, instance:com.actitime.testscript.CustomerModule@5fbdfdcf]" started-at="2023-01-06T15:17:03 IST" name="closeBrowser" finished-at="2023-01-06T15:17:04 IST" duration-ms="228" status="PASS">
          <reporter-output>
            <line>
              <![CDATA[closeBrowser]]>
            </line>
          </reporter-output>
        </test-method> <!-- closeBrowser -->
      </class> <!-- com.actitime.testscript.CustomerModule -->
    </test> <!-- Default test -->
  </suite> <!-- Default suite -->
</testng-results>
